0 info it worked if it ends with ok
1 verbose cli [ '/usr/local/bin/node', '/usr/local/bin/npm', 'run', 'http' ]
2 info using npm@4.0.2
3 info using node@v6.9.1
4 verbose run-script [ 'prehttp', 'http', 'posthttp' ]
5 info lifecycle mangatheque@1.0.0~prehttp: mangatheque@1.0.0
6 silly lifecycle mangatheque@1.0.0~prehttp: no script for prehttp, continuing
7 info lifecycle mangatheque@1.0.0~http: mangatheque@1.0.0
8 verbose lifecycle mangatheque@1.0.0~http: unsafe-perm in lifecycle true
9 verbose lifecycle mangatheque@1.0.0~http: PATH: /usr/local/lib/node_modules/npm/bin/node-gyp-bin:/Users/shinji/Documents/perso/Mangatheque/node_modules/.bin:/usr/local/bin:/usr/bin:/bin:/usr/sbin:/sbin
10 verbose lifecycle mangatheque@1.0.0~http: CWD: /Users/shinji/Documents/perso/Mangatheque
11 silly lifecycle mangatheque@1.0.0~http: Args: [ '-c', 'http-server -p \'./\' 5550' ]
12 silly lifecycle mangatheque@1.0.0~http: Returned: code: 1  signal: null
13 info lifecycle mangatheque@1.0.0~http: Failed to exec http script
14 verbose stack Error: mangatheque@1.0.0 http: `http-server -p './' 5550`
14 verbose stack Exit status 1
14 verbose stack     at EventEmitter.<anonymous> (/usr/local/lib/node_modules/npm/lib/utils/lifecycle.js:279:16)
14 verbose stack     at emitTwo (events.js:106:13)
14 verbose stack     at EventEmitter.emit (events.js:191:7)
14 verbose stack     at ChildProcess.<anonymous> (/usr/local/lib/node_modules/npm/lib/utils/spawn.js:40:14)
14 verbose stack     at emitTwo (events.js:106:13)
14 verbose stack     at ChildProcess.emit (events.js:191:7)
14 verbose stack     at maybeClose (internal/child_process.js:877:16)
14 verbose stack     at Process.ChildProcess._handle.onexit (internal/child_process.js:226:5)
15 verbose pkgid mangatheque@1.0.0
16 verbose cwd /Users/shinji/Documents/perso/Mangatheque
17 error Darwin 16.5.0
18 error argv "/usr/local/bin/node" "/usr/local/bin/npm" "run" "http"
19 error node v6.9.1
20 error npm  v4.0.2
21 error code ELIFECYCLE
22 error mangatheque@1.0.0 http: `http-server -p './' 5550`
22 error Exit status 1
23 error Failed at the mangatheque@1.0.0 http script 'http-server -p './' 5550'.
23 error Make sure you have the latest version of node.js and npm installed.
23 error If you do, this is most likely a problem with the mangatheque package,
23 error not with npm itself.
23 error Tell the author that this fails on your system:
23 error     http-server -p './' 5550
23 error You can get information on how to open an issue for this project with:
23 error     npm bugs mangatheque
23 error Or if that isn't available, you can get their info via:
23 error     npm owner ls mangatheque
23 error There is likely additional logging output above.
24 verbose exit [ 1, true ]
